<html>
<head>
<title>TestNG:  Test</title>
<link href="../testng.css" rel="stylesheet" type="text/css" />
<link href="../my-testng.css" rel="stylesheet" type="text/css" />

<style type="text/css">
.log { display: none;} 
.stack-trace { display: none;} 
</style>
<script type="text/javascript">
<!--
function flip(e) {
  current = e.style.display;
  if (current == 'block') {
    e.style.display = 'none';
    return 0;
  }
  else {
    e.style.display = 'block';
    return 1;
  }
}

function toggleBox(szDivId, elem, msg1, msg2)
{
  var res = -1;  if (document.getElementById) {
    res = flip(document.getElementById(szDivId));
  }
  else if (document.all) {
    // this is the way old msie versions work
    res = flip(document.all[szDivId]);
  }
  if(elem) {
    if(res == 0) elem.innerHTML = msg1; else elem.innerHTML = msg2;
  }

}

function toggleAllBoxes() {
  if (document.getElementsByTagName) {
    d = document.getElementsByTagName('div');
    for (i = 0; i < d.length; i++) {
      if (d[i].className == 'log') {
        flip(d[i]);
      }
    }
  }
}

// -->
</script>

</head>
<body>
<h2 align='center'>Test</h2><table border='1' align="center">
<tr>
<td>Tests passed/Failed/Skipped:</td><td>23/0/2</td>
</tr><tr>
<td>Started on:</td><td>Thu Oct 12 11:28:30 IST 2023</td>
</tr>
<tr><td>Total time:</td><td>356 seconds (356600 ms)</td>
</tr><tr>
<td>Included groups:</td><td></td>
</tr><tr>
<td>Excluded groups:</td><td></td>
</tr>
</table><p/>
<small><i>(Hover the method name to see the test class name)</i></small><p/>
<table width='100%' border='1' class='invocation-passed'>
<tr><td colspan='4' align='center'><b>PASSED TESTS</b></td></tr>
<tr><td><b>Test method</b></td>
<td><b>Attribute(s)</b></td>
<td width="30%"><b>Exception</b></td>
<td width="10%"><b>Time (seconds)</b></td>
<td><b>Instance</b></td>
</tr>
<tr>
<td title='com.test.Register.RegisterusersTC_001()'><b>RegisterusersTC_001</b><br>Test class: com.test.Register<br>Parameters: Bharadwaj, Viswanathan, Bharad, 1234566789, Test@1234, Test@1234</td>
<td></td>
<td>3</td>
<td>com.test.Register@66d18979</td></tr>
<tr>
<td title='com.test.MyAccount.LogoutTC_006()'><b>LogoutTC_006</b><br>Test class: com.test.MyAccount</td>
<td></td>
<td>2</td>
<td>com.test.MyAccount@7530ad9c</td></tr>
<tr>
<td title='com.test.Searchproduct.searchproductaddtocartTC_014()'><b>searchproductaddtocartTC_014</b><br>Test class: com.test.Searchproduct</td>
<td></td>
<td>25</td>
<td>com.test.Searchproduct@58a9760d</td></tr>
<tr>
<td title='com.test.Register.RegisterusersTC_001()'><b>RegisterusersTC_001</b><br>Test class: com.test.Register<br>Parameters: Sharan, Kumar, Shar, 1223456789, Test@124, Test@1234</td>
<td></td>
<td>4</td>
<td>com.test.Register@66d18979</td></tr>
<tr>
<td title='com.test.Searchproduct.searchproductcheckoutTC_015()'><b>searchproductcheckoutTC_015</b><br>Test class: com.test.Searchproduct</td>
<td></td>
<td>32</td>
<td>com.test.Searchproduct@58a9760d</td></tr>
<tr>
<td title='com.test.MyAccount.EditprofileTC_007()'><b>EditprofileTC_007</b><br>Test class: com.test.MyAccount</td>
<td></td>
<td>5</td>
<td>com.test.MyAccount@7530ad9c</td></tr>
<tr>
<td title='com.test.Login.LogoutTC_006()'><b>LogoutTC_006</b><br>Test class: com.test.Login</td>
<td></td>
<td>2</td>
<td>com.test.Login@5fbe4146</td></tr>
<tr>
<td title='com.test.MyAccount.deletealladressbook_012()'><b>deletealladressbook_012</b><br>Test class: com.test.MyAccount</td>
<td></td>
<td>2</td>
<td>com.test.MyAccount@7530ad9c</td></tr>
<tr>
<td title='com.test.Login.LogoutTC_005()'><b>LogoutTC_005</b><br>Test class: com.test.Login</td>
<td></td>
<td>3</td>
<td>com.test.Login@5fbe4146</td></tr>
<tr>
<td title='com.test.MyAccount.EditprofileTC_008()'><b>EditprofileTC_008</b><br>Test class: com.test.MyAccount</td>
<td></td>
<td>1</td>
<td>com.test.MyAccount@7530ad9c</td></tr>
<tr>
<td title='com.test.Register.RegisterusersTC_001()'><b>RegisterusersTC_001</b><br>Test class: com.test.Register<br>Parameters: , , , , Test@124, Test@124</td>
<td></td>
<td>3</td>
<td>com.test.Register@66d18979</td></tr>
<tr>
<td title='com.test.Login.ValidLoginTC_003()'><b>ValidLoginTC_003</b><br>Test class: com.test.Login</td>
<td></td>
<td>1</td>
<td>com.test.Login@5fbe4146</td></tr>
<tr>
<td title='com.test.Login.INValidLoginTC_004()'><b>INValidLoginTC_004</b><br>Test class: com.test.Login</td>
<td></td>
<td>3</td>
<td>com.test.Login@5fbe4146</td></tr>
<tr>
<td title='com.test.MyAccount.INValidLoginTC_004()'><b>INValidLoginTC_004</b><br>Test class: com.test.MyAccount</td>
<td></td>
<td>2</td>
<td>com.test.MyAccount@7530ad9c</td></tr>
<tr>
<td title='com.test.MyAccount.ChangePasswordTC_009()'><b>ChangePasswordTC_009</b><br>Test class: com.test.MyAccount</td>
<td></td>
<td>2</td>
<td>com.test.MyAccount@7530ad9c</td></tr>
<tr>
<td title='com.test.MyAccount.AddaddressbookTC_011()'><b>AddaddressbookTC_011</b><br>Test class: com.test.MyAccount<br>Parameters: Bharadwaj, Viswanathan, nun, Lokmanya Nagar, Pada No. 3, , Thane (west),  Mumbai, 400606, India, Maharashtra</td>
<td></td>
<td>6</td>
<td>com.test.MyAccount@7530ad9c</td></tr>
<tr>
<td title='com.test.Register.RegisterusersTC_001()'><b>RegisterusersTC_001</b><br>Test class: com.test.Register<br>Parameters: Ranjith, Kumar, Ranjith, 0000000002, Test@123, Test@123</td>
<td></td>
<td>3</td>
<td>com.test.Register@66d18979</td></tr>
<tr>
<td title='com.test.MyAccount.ValidLoginTC_003()'><b>ValidLoginTC_003</b><br>Test class: com.test.MyAccount</td>
<td></td>
<td>2</td>
<td>com.test.MyAccount@7530ad9c</td></tr>
<tr>
<td title='com.test.MyAccount.LogoutTC_005()'><b>LogoutTC_005</b><br>Test class: com.test.MyAccount</td>
<td></td>
<td>2</td>
<td>com.test.MyAccount@7530ad9c</td></tr>
<tr>
<td title='com.test.Searchproduct.VerifythesearchproductTC_013()'><b>VerifythesearchproductTC_013</b><br>Test class: com.test.Searchproduct</td>
<td></td>
<td>3</td>
<td>com.test.Searchproduct@58a9760d</td></tr>
<tr>
<td title='com.test.Searchproduct.addtocartTC_016()'><b>addtocartTC_016</b><br>Test class: com.test.Searchproduct</td>
<td></td>
<td>44</td>
<td>com.test.Searchproduct@58a9760d</td></tr>
<tr>
<td title='com.test.Register.policyerrorTC_002()'><b>policyerrorTC_002</b><br>Test class: com.test.Register</td>
<td></td>
<td>2</td>
<td>com.test.Register@66d18979</td></tr>
<tr>
<td title='com.test.MyAccount.invalidChangePasswordTC_010()'><b>invalidChangePasswordTC_010</b><br>Test class: com.test.MyAccount</td>
<td></td>
<td>2</td>
<td>com.test.MyAccount@7530ad9c</td></tr>
</table><p>
<table width='100%' border='1' class='invocation-skipped'>
<tr><td colspan='4' align='center'><b>SKIPPED TESTS</b></td></tr>
<tr><td><b>Test method</b></td>
<td><b>Attribute(s)</b></td>
<td width="30%"><b>Exception</b></td>
<td width="10%"><b>Time (seconds)</b></td>
<td><b>Instance</b></td>
</tr>
<tr>
<td title='com.test.MyAccount.AddaddressbookTC_011()'><b>AddaddressbookTC_011</b><br>Test class: com.test.MyAccount<br>Parameters: Bharadwaj, Viswanathan, nun, Lokmanya Nagar, Pada No. 3, , Thane (west),  Mumbai, 400606, India, Maharashtra</td>
<td><div><pre>org.openqa.selenium.StaleElementReferenceException: stale element reference: stale element not found
  (Session info: chrome=117.0.5938.150)
For documentation on this error, please visit: https://www.selenium.dev/documentation/webdriver/troubleshooting/errors#stale-element-reference-exception
Build info: version: &apos;4.12.1&apos;, revision: &apos;8e34639b11&apos;
System info: os.name: &apos;Windows 10&apos;, os.arch: &apos;amd64&apos;, os.version: &apos;10.0&apos;, java.version: &apos;20.0.1&apos;
Driver info: org.openqa.selenium.chrome.ChromeDriver
Command: [5605f6572ee527768ee26492d39e7dad, getElementText {id=FFCAFFC53C0B229CABBAE35C0C596953_element_646}]
Capabilities {acceptInsecureCerts: false, browserName: chrome, browserVersion: 117.0.5938.150, chrome: {chromedriverVersion: 117.0.5938.149 (e3344ddefa1..., userDataDir: C:\Users\BHARAD~1.VIS\AppDa...}, fedcm:accounts: true, goog:chromeOptions: {debuggerAddress: localhost:58080}, networkConnectionEnabled: false, pageLoadStrategy: normal, platformName: windows, proxy: Proxy(), se:cdp: ws://localhost:58080/devtoo..., se:cdpVersion: 117.0.5938.150, setWindowRect: true, strictFileInteractability: false, timeouts: {implicit: 0, pageLoad: 300000, script: 30000}, unhandledPromptBehavior: dismiss and notify, webauthn:extension:credBlob: true, webauthn:extension:largeBlob: true, webauthn:extension:minPinLength: true, webauthn:extension:prf: true, webauthn:virtualAuthenticators: true}
Element: [[[[ChromeDriver: chrome on windows (5605f6572ee527768ee26492d39e7dad)] -&gt; xpath: //select[@id=&apos;input-zone&apos;]]] -&gt; tag name: option]
Session ID: 5605f6572ee527768ee26492d39e7dad
	at org.openqa.selenium.remote.codec.w3c.W3CHttpResponseCodec.createException(W3CHttpResponseCodec.java:200)
	at org.openqa.selenium.remote.codec.w3c.W3CHttpResponseCodec.decode(W3CHttpResponseCodec.java:133)
	at org.openqa.selenium.remote.codec.w3c.W3CHttpResponseCodec.decode(W3CHttpResponseCodec.java:52)
	at org.openqa.selenium.remote.HttpCommandExecutor.execute(HttpCommandExecutor.java:191)
	at org.openqa.selenium.remote.service.DriverCommandExecutor.invokeExecute(DriverCommandExecutor.java:196)
	at org.openqa.selenium.remote.service.DriverCommandExecutor.execute(DriverCommandExecutor.java:171)
	at org.openqa.selenium.remote.RemoteWebDriver.execute(RemoteWebDriver.java:602)
	at org.openqa.selenium.remote.RemoteWebElement.execute(RemoteWebElement.java:224)
	at org.openqa.selenium.remote.RemoteWebElement.getText(RemoteWebElement.java:192)
	at com.ExtentReport.Extentlogger.Reportlistofdata(Extentlogger.java:117)
	at com.Browser.BaseClass.GetAlloptions(BaseClass.java:104)
	at com.Browser.BaseClass.selectbyvisibletext(BaseClass.java:94)
	at com.Pom.MyAccountpage.AddAddressbook(MyAccountpage.java:132)
	at com.test.MyAccount.AddaddressbookTC_011(MyAccount.java:47)
	at java.base/java.util.ArrayList.forEach(ArrayList.java:1511)
... Removed 28 stack frames</pre></div><a href='#' onClick='toggleBox("stack-trace2073453012", this, "Click to show all stack frames", "Click to hide stack frames")'>Click to show all stack frames</a>
<div class='stack-trace' id='stack-trace2073453012'><pre>org.openqa.selenium.StaleElementReferenceException: stale element reference: stale element not found
  (Session info: chrome=117.0.5938.150)
For documentation on this error, please visit: https://www.selenium.dev/documentation/webdriver/troubleshooting/errors#stale-element-reference-exception
Build info: version: &apos;4.12.1&apos;, revision: &apos;8e34639b11&apos;
System info: os.name: &apos;Windows 10&apos;, os.arch: &apos;amd64&apos;, os.version: &apos;10.0&apos;, java.version: &apos;20.0.1&apos;
Driver info: org.openqa.selenium.chrome.ChromeDriver
Command: [5605f6572ee527768ee26492d39e7dad, getElementText {id=FFCAFFC53C0B229CABBAE35C0C596953_element_646}]
Capabilities {acceptInsecureCerts: false, browserName: chrome, browserVersion: 117.0.5938.150, chrome: {chromedriverVersion: 117.0.5938.149 (e3344ddefa1..., userDataDir: C:\Users\BHARAD~1.VIS\AppDa...}, fedcm:accounts: true, goog:chromeOptions: {debuggerAddress: localhost:58080}, networkConnectionEnabled: false, pageLoadStrategy: normal, platformName: windows, proxy: Proxy(), se:cdp: ws://localhost:58080/devtoo..., se:cdpVersion: 117.0.5938.150, setWindowRect: true, strictFileInteractability: false, timeouts: {implicit: 0, pageLoad: 300000, script: 30000}, unhandledPromptBehavior: dismiss and notify, webauthn:extension:credBlob: true, webauthn:extension:largeBlob: true, webauthn:extension:minPinLength: true, webauthn:extension:prf: true, webauthn:virtualAuthenticators: true}
Element: [[[[ChromeDriver: chrome on windows (5605f6572ee527768ee26492d39e7dad)] -&gt; xpath: //select[@id=&apos;input-zone&apos;]]] -&gt; tag name: option]
Session ID: 5605f6572ee527768ee26492d39e7dad
	at java.base/jdk.internal.reflect.DirectConstructorHandleAccessor.newInstance(DirectConstructorHandleAccessor.java:67)
	at java.base/java.lang.reflect.Constructor.newInstanceWithCaller(Constructor.java:500)
	at java.base/java.lang.reflect.Constructor.newInstance(Constructor.java:484)
	at org.openqa.selenium.remote.codec.w3c.W3CHttpResponseCodec.createException(W3CHttpResponseCodec.java:200)
	at org.openqa.selenium.remote.codec.w3c.W3CHttpResponseCodec.decode(W3CHttpResponseCodec.java:133)
	at org.openqa.selenium.remote.codec.w3c.W3CHttpResponseCodec.decode(W3CHttpResponseCodec.java:52)
	at org.openqa.selenium.remote.HttpCommandExecutor.execute(HttpCommandExecutor.java:191)
	at org.openqa.selenium.remote.service.DriverCommandExecutor.invokeExecute(DriverCommandExecutor.java:196)
	at org.openqa.selenium.remote.service.DriverCommandExecutor.execute(DriverCommandExecutor.java:171)
	at org.openqa.selenium.remote.RemoteWebDriver.execute(RemoteWebDriver.java:602)
	at org.openqa.selenium.remote.RemoteWebElement.execute(RemoteWebElement.java:224)
	at org.openqa.selenium.remote.RemoteWebElement.getText(RemoteWebElement.java:192)
	at com.ExtentReport.Extentlogger.Reportlistofdata(Extentlogger.java:117)
	at com.Browser.BaseClass.GetAlloptions(BaseClass.java:104)
	at com.Browser.BaseClass.selectbyvisibletext(BaseClass.java:94)
	at com.Pom.MyAccountpage.AddAddressbook(MyAccountpage.java:132)
	at com.test.MyAccount.AddaddressbookTC_011(MyAccount.java:47)
	at java.base/jdk.internal.reflect.DirectMethodHandleAccessor.invoke(DirectMethodHandleAccessor.java:104)
	at java.base/java.lang.reflect.Method.invoke(Method.java:578)
	at org.testng.internal.invokers.MethodInvocationHelper.invokeMethod(MethodInvocationHelper.java:139)
	at org.testng.internal.invokers.TestInvoker.invokeMethod(TestInvoker.java:664)
	at org.testng.internal.invokers.TestInvoker.invokeTestMethod(TestInvoker.java:227)
	at org.testng.internal.invokers.MethodRunner.runInSequence(MethodRunner.java:50)
	at org.testng.internal.invokers.TestInvoker$MethodInvocationAgent.invoke(TestInvoker.java:957)
	at org.testng.internal.invokers.TestInvoker.invokeTestMethods(TestInvoker.java:200)
	at org.testng.internal.invokers.TestMethodWorker.invokeTestMethods(TestMethodWorker.java:148)
	at org.testng.internal.invokers.TestMethodWorker.run(TestMethodWorker.java:128)
	at java.base/java.util.ArrayList.forEach(ArrayList.java:1511)
	at org.testng.TestRunner.privateRun(TestRunner.java:848)
	at org.testng.TestRunner.run(TestRunner.java:621)
	at org.testng.SuiteRunner.runTest(SuiteRunner.java:443)
	at org.testng.SuiteRunner.runSequentially(SuiteRunner.java:437)
	at org.testng.SuiteRunner.privateRun(SuiteRunner.java:397)
	at org.testng.SuiteRunner.run(SuiteRunner.java:336)
	at org.testng.SuiteRunnerWorker.runSuite(SuiteRunnerWorker.java:52)
	at org.testng.SuiteRunnerWorker.run(SuiteRunnerWorker.java:95)
	at org.testng.TestNG.runSuitesSequentially(TestNG.java:1280)
	at org.testng.TestNG.runSuitesLocally(TestNG.java:1200)
	at org.testng.TestNG.runSuites(TestNG.java:1114)
	at org.testng.TestNG.run(TestNG.java:1082)
	at org.testng.remote.AbstractRemoteTestNG.run(AbstractRemoteTestNG.java:115)
	at org.testng.remote.RemoteTestNG.initAndRun(RemoteTestNG.java:251)
	at org.testng.remote.RemoteTestNG.main(RemoteTestNG.java:77)
</pre></div></td>
<td>6</td>
<td>com.test.MyAccount@7530ad9c</td></tr>
<tr>
<td title='com.test.MyAccount.deletealladressbook_012()'><b>deletealladressbook_012</b><br>Test class: com.test.MyAccount</td>
<td><div><pre>org.openqa.selenium.NoSuchElementException: no such element: Unable to locate element: {&quot;method&quot;:&quot;xpath&quot;,&quot;selector&quot;:&quot;//div[contains(@class,&apos;alert-warning&apos;)]&quot;}
  (Session info: chrome=117.0.5938.150)
For documentation on this error, please visit: https://www.selenium.dev/documentation/webdriver/troubleshooting/errors#no-such-element-exception
Build info: version: &apos;4.12.1&apos;, revision: &apos;8e34639b11&apos;
System info: os.name: &apos;Windows 10&apos;, os.arch: &apos;amd64&apos;, os.version: &apos;10.0&apos;, java.version: &apos;20.0.1&apos;
Driver info: org.openqa.selenium.chrome.ChromeDriver
Command: [4837a63792a91860c66d870e88eb26d4, findElement {using=xpath, value=//div[contains(@class,&apos;alert-warning&apos;)]}]
Capabilities {acceptInsecureCerts: false, browserName: chrome, browserVersion: 117.0.5938.150, chrome: {chromedriverVersion: 117.0.5938.149 (e3344ddefa1..., userDataDir: C:\Users\BHARAD~1.VIS\AppDa...}, fedcm:accounts: true, goog:chromeOptions: {debuggerAddress: localhost:58118}, networkConnectionEnabled: false, pageLoadStrategy: normal, platformName: windows, proxy: Proxy(), se:cdp: ws://localhost:58118/devtoo..., se:cdpVersion: 117.0.5938.150, setWindowRect: true, strictFileInteractability: false, timeouts: {implicit: 0, pageLoad: 300000, script: 30000}, unhandledPromptBehavior: dismiss and notify, webauthn:extension:credBlob: true, webauthn:extension:largeBlob: true, webauthn:extension:minPinLength: true, webauthn:extension:prf: true, webauthn:virtualAuthenticators: true}
Session ID: 4837a63792a91860c66d870e88eb26d4
	at org.openqa.selenium.remote.codec.w3c.W3CHttpResponseCodec.createException(W3CHttpResponseCodec.java:200)
	at org.openqa.selenium.remote.codec.w3c.W3CHttpResponseCodec.decode(W3CHttpResponseCodec.java:133)
	at org.openqa.selenium.remote.codec.w3c.W3CHttpResponseCodec.decode(W3CHttpResponseCodec.java:52)
	at org.openqa.selenium.remote.HttpCommandExecutor.execute(HttpCommandExecutor.java:191)
	at org.openqa.selenium.remote.service.DriverCommandExecutor.invokeExecute(DriverCommandExecutor.java:196)
	at org.openqa.selenium.remote.service.DriverCommandExecutor.execute(DriverCommandExecutor.java:171)
	at org.openqa.selenium.remote.RemoteWebDriver.execute(RemoteWebDriver.java:602)
	at org.openqa.selenium.remote.ElementLocation$ElementFinder$2.findElement(ElementLocation.java:165)
	at org.openqa.selenium.remote.ElementLocation.findElement(ElementLocation.java:59)
	at org.openqa.selenium.remote.RemoteWebDriver.findElement(RemoteWebDriver.java:359)
	at org.openqa.selenium.remote.RemoteWebDriver.findElement(RemoteWebDriver.java:353)
	at org.openqa.selenium.support.pagefactory.DefaultElementLocator.findElement(DefaultElementLocator.java:68)
	at org.openqa.selenium.support.pagefactory.internal.LocatingElementHandler.invoke(LocatingElementHandler.java:38)
	at jdk.proxy2/jdk.proxy2.$Proxy22.getText(Unknown Source)
	at com.Browser.BaseClass.Gettext(BaseClass.java:57)
	at com.Browser.BaseClass.isdisplay(BaseClass.java:142)
	at com.Browser.BaseClass.verifyisdisplay(BaseClass.java:198)
	at com.Pom.MyAccountpage.deleteaddress(MyAccountpage.java:145)
	at com.test.MyAccount.deletealladressbook_012(MyAccount.java:53)
	at java.base/java.util.ArrayList.forEach(ArrayList.java:1511)
... Removed 28 stack frames</pre></div><a href='#' onClick='toggleBox("stack-trace1875196696", this, "Click to show all stack frames", "Click to hide stack frames")'>Click to show all stack frames</a>
<div class='stack-trace' id='stack-trace1875196696'><pre>org.openqa.selenium.NoSuchElementException: no such element: Unable to locate element: {&quot;method&quot;:&quot;xpath&quot;,&quot;selector&quot;:&quot;//div[contains(@class,&apos;alert-warning&apos;)]&quot;}
  (Session info: chrome=117.0.5938.150)
For documentation on this error, please visit: https://www.selenium.dev/documentation/webdriver/troubleshooting/errors#no-such-element-exception
Build info: version: &apos;4.12.1&apos;, revision: &apos;8e34639b11&apos;
System info: os.name: &apos;Windows 10&apos;, os.arch: &apos;amd64&apos;, os.version: &apos;10.0&apos;, java.version: &apos;20.0.1&apos;
Driver info: org.openqa.selenium.chrome.ChromeDriver
Command: [4837a63792a91860c66d870e88eb26d4, findElement {using=xpath, value=//div[contains(@class,&apos;alert-warning&apos;)]}]
Capabilities {acceptInsecureCerts: false, browserName: chrome, browserVersion: 117.0.5938.150, chrome: {chromedriverVersion: 117.0.5938.149 (e3344ddefa1..., userDataDir: C:\Users\BHARAD~1.VIS\AppDa...}, fedcm:accounts: true, goog:chromeOptions: {debuggerAddress: localhost:58118}, networkConnectionEnabled: false, pageLoadStrategy: normal, platformName: windows, proxy: Proxy(), se:cdp: ws://localhost:58118/devtoo..., se:cdpVersion: 117.0.5938.150, setWindowRect: true, strictFileInteractability: false, timeouts: {implicit: 0, pageLoad: 300000, script: 30000}, unhandledPromptBehavior: dismiss and notify, webauthn:extension:credBlob: true, webauthn:extension:largeBlob: true, webauthn:extension:minPinLength: true, webauthn:extension:prf: true, webauthn:virtualAuthenticators: true}
Session ID: 4837a63792a91860c66d870e88eb26d4
	at java.base/jdk.internal.reflect.DirectConstructorHandleAccessor.newInstance(DirectConstructorHandleAccessor.java:67)
	at java.base/java.lang.reflect.Constructor.newInstanceWithCaller(Constructor.java:500)
	at java.base/java.lang.reflect.Constructor.newInstance(Constructor.java:484)
	at org.openqa.selenium.remote.codec.w3c.W3CHttpResponseCodec.createException(W3CHttpResponseCodec.java:200)
	at org.openqa.selenium.remote.codec.w3c.W3CHttpResponseCodec.decode(W3CHttpResponseCodec.java:133)
	at org.openqa.selenium.remote.codec.w3c.W3CHttpResponseCodec.decode(W3CHttpResponseCodec.java:52)
	at org.openqa.selenium.remote.HttpCommandExecutor.execute(HttpCommandExecutor.java:191)
	at org.openqa.selenium.remote.service.DriverCommandExecutor.invokeExecute(DriverCommandExecutor.java:196)
	at org.openqa.selenium.remote.service.DriverCommandExecutor.execute(DriverCommandExecutor.java:171)
	at org.openqa.selenium.remote.RemoteWebDriver.execute(RemoteWebDriver.java:602)
	at org.openqa.selenium.remote.ElementLocation$ElementFinder$2.findElement(ElementLocation.java:165)
	at org.openqa.selenium.remote.ElementLocation.findElement(ElementLocation.java:59)
	at org.openqa.selenium.remote.RemoteWebDriver.findElement(RemoteWebDriver.java:359)
	at org.openqa.selenium.remote.RemoteWebDriver.findElement(RemoteWebDriver.java:353)
	at org.openqa.selenium.support.pagefactory.DefaultElementLocator.findElement(DefaultElementLocator.java:68)
	at org.openqa.selenium.support.pagefactory.internal.LocatingElementHandler.invoke(LocatingElementHandler.java:38)
	at jdk.proxy2/jdk.proxy2.$Proxy22.getText(Unknown Source)
	at com.Browser.BaseClass.Gettext(BaseClass.java:57)
	at com.Browser.BaseClass.isdisplay(BaseClass.java:142)
	at com.Browser.BaseClass.verifyisdisplay(BaseClass.java:198)
	at com.Pom.MyAccountpage.deleteaddress(MyAccountpage.java:145)
	at com.test.MyAccount.deletealladressbook_012(MyAccount.java:53)
	at java.base/jdk.internal.reflect.DirectMethodHandleAccessor.invoke(DirectMethodHandleAccessor.java:104)
	at java.base/java.lang.reflect.Method.invoke(Method.java:578)
	at org.testng.internal.invokers.MethodInvocationHelper.invokeMethod(MethodInvocationHelper.java:139)
	at org.testng.internal.invokers.TestInvoker.invokeMethod(TestInvoker.java:664)
	at org.testng.internal.invokers.TestInvoker.invokeTestMethod(TestInvoker.java:227)
	at org.testng.internal.invokers.MethodRunner.runInSequence(MethodRunner.java:50)
	at org.testng.internal.invokers.TestInvoker$MethodInvocationAgent.invoke(TestInvoker.java:957)
	at org.testng.internal.invokers.TestInvoker.invokeTestMethods(TestInvoker.java:200)
	at org.testng.internal.invokers.TestMethodWorker.invokeTestMethods(TestMethodWorker.java:148)
	at org.testng.internal.invokers.TestMethodWorker.run(TestMethodWorker.java:128)
	at java.base/java.util.ArrayList.forEach(ArrayList.java:1511)
	at org.testng.TestRunner.privateRun(TestRunner.java:848)
	at org.testng.TestRunner.run(TestRunner.java:621)
	at org.testng.SuiteRunner.runTest(SuiteRunner.java:443)
	at org.testng.SuiteRunner.runSequentially(SuiteRunner.java:437)
	at org.testng.SuiteRunner.privateRun(SuiteRunner.java:397)
	at org.testng.SuiteRunner.run(SuiteRunner.java:336)
	at org.testng.SuiteRunnerWorker.runSuite(SuiteRunnerWorker.java:52)
	at org.testng.SuiteRunnerWorker.run(SuiteRunnerWorker.java:95)
	at org.testng.TestNG.runSuitesSequentially(TestNG.java:1280)
	at org.testng.TestNG.runSuitesLocally(TestNG.java:1200)
	at org.testng.TestNG.runSuites(TestNG.java:1114)
	at org.testng.TestNG.run(TestNG.java:1082)
	at org.testng.remote.AbstractRemoteTestNG.run(AbstractRemoteTestNG.java:115)
	at org.testng.remote.RemoteTestNG.initAndRun(RemoteTestNG.java:251)
	at org.testng.remote.RemoteTestNG.main(RemoteTestNG.java:77)
</pre></div></td>
<td>32</td>
<td>com.test.MyAccount@7530ad9c</td></tr>
</table><p>
</body>
</html>